LTspice 26.0.2 for Windows
Circuit: C:\gamma-spectrometer\review\sim\sh_ballistic.cir
Start Time: Mon Jun 15 20:27:47 2026

.step tau_d=1e-09
solver = Normal
Maximum thread count: 12
tnom = 27
temp = 27
method = trap
Direct Newton iteration succeeded in finding operating point.

.step tau_d=3e-08
Direct Newton iteration succeeded in finding operating point.

.step tau_d=6e-08
Direct Newton iteration succeeded in finding operating point.

.step tau_d=1.15e-07
Direct Newton iteration succeeded in finding operating point.

.step tau_d=2.3e-07
Direct Newton iteration succeeded in finding operating point.

.step tau_d=3.5e-07
Direct Newton iteration succeeded in finding operating point.

.step tau_d=4.6e-07
Direct Newton iteration succeeded in finding operating point.

.step tau_d=7e-07
Direct Newton iteration succeeded in finding operating point.

.step tau_d=1e-06
Direct Newton iteration succeeded in finding operating point.
Total elapsed time: 0.100 seconds.

Files loaded:
C:\gamma-spectrometer\review\sim\sh_ballistic.cir


Measurement: bl_adc
  step	AVG(V(adc_in) )	FROM	TO
     1	2.114610672	2e-07	4e-07
     2	2.114610672	2e-07	4e-07
     3	2.114610672	2e-07	4e-07
     4	2.114610672	2e-07	4e-07
     5	2.114610672	2e-07	4e-07
     6	2.114610672	2e-07	4e-07
     7	2.114610672	2e-07	4e-07
     8	2.114610672	2e-07	4e-07
     9	2.114610672	2e-07	4e-07

Measurement: adc_min
  step	MIN(V(adc_in) )	FROM	TO
     1	1.5437296629	5e-07	5e-06
     2	1.56398153305	5e-07	5e-06
     3	1.60621154308	5e-07	5e-06
     4	1.67663145065	5e-07	5e-06
     5	1.77445805073	5e-07	5e-06
     6	1.83659267426	5e-07	5e-06
     7	1.87550973892	5e-07	5e-06
     8	1.9302854538	5e-07	5e-06
     9	1.97056257725	5e-07	5e-06
